[debug] [2023-10-18T06:36:48.533Z] ----------------------------------------------------------------------
[debug] [2023-10-18T06:36:48.534Z] Command:       C:\Program Files\nodejs\node.exe C:\Users\chane\AppData\Roaming\npm\node_modules\firebase-tools\lib\bin\firebase.js deploy
[debug] [2023-10-18T06:36:48.534Z] CLI Version:   12.7.0
[debug] [2023-10-18T06:36:48.535Z] Platform:      win32
[debug] [2023-10-18T06:36:48.535Z] Node Version:  v18.16.0
[debug] [2023-10-18T06:36:48.536Z] Time:          Tue Oct 17 2023 23:36:48 GMT-0700 (Pacific Daylight Time)
[debug] [2023-10-18T06:36:48.536Z] ----------------------------------------------------------------------
[debug] 
[debug] [2023-10-18T06:36:48.602Z] Field ".functions" in "firebase.json" is possibly invalid: should be object
[debug] [2023-10-18T06:36:48.603Z] Object ".functions[0]" in "firebase.json" has unknown property: {"additionalProperty":"maxInstances"}
[debug] [2023-10-18T06:36:48.603Z] Field ".functions" in "firebase.json" is possibly invalid: should match some schema in anyOf
[debug] [2023-10-18T06:36:48.607Z] > command requires scopes: ["email","openid","https://www.googleapis.com/auth/cloudplatformprojects.readonly","https://www.googleapis.com/auth/firebase","https://www.googleapis.com/auth/cloud-platform"]
[debug] [2023-10-18T06:36:48.607Z] > authorizing via signed-in user (chanerik1000@gmail.com)
[debug] [2023-10-18T06:36:48.607Z] [iam] checking project hallpass-f1995 for permissions ["cloudfunctions.functions.create","cloudfunctions.functions.delete","cloudfunctions.functions.get","cloudfunctions.functions.list","cloudfunctions.functions.update","cloudfunctions.operations.get","firebase.projects.get","firebasehosting.sites.update"]
[debug] [2023-10-18T06:36:48.609Z] >>> [apiv2][query] POST https://cloudresourcemanager.googleapis.com/v1/projects/hallpass-f1995:testIamPermissions [none]
[debug] [2023-10-18T06:36:48.609Z] >>> [apiv2][(partial)header] POST https://cloudresourcemanager.googleapis.com/v1/projects/hallpass-f1995:testIamPermissions x-goog-quota-user=projects/hallpass-f1995
[debug] [2023-10-18T06:36:48.609Z] >>> [apiv2][body] POST https://cloudresourcemanager.googleapis.com/v1/projects/hallpass-f1995:testIamPermissions {"permissions":["cloudfunctions.functions.create","cloudfunctions.functions.delete","cloudfunctions.functions.get","cloudfunctions.functions.list","cloudfunctions.functions.update","cloudfunctions.operations.get","firebase.projects.get","firebasehosting.sites.update"]}
[debug] [2023-10-18T06:36:48.959Z] <<< [apiv2][status] POST https://cloudresourcemanager.googleapis.com/v1/projects/hallpass-f1995:testIamPermissions 200
[debug] [2023-10-18T06:36:48.959Z] <<< [apiv2][body] POST https://cloudresourcemanager.googleapis.com/v1/projects/hallpass-f1995:testIamPermissions {"permissions":["cloudfunctions.functions.create","cloudfunctions.functions.delete","cloudfunctions.functions.get","cloudfunctions.functions.list","cloudfunctions.functions.update","cloudfunctions.operations.get","firebase.projects.get","firebasehosting.sites.update"]}
[debug] [2023-10-18T06:36:48.959Z] >>> [apiv2][query] POST https://iam.googleapis.com/v1/projects/hallpass-f1995/serviceAccounts/hallpass-f1995@appspot.gserviceaccount.com:testIamPermissions [none]
[debug] [2023-10-18T06:36:48.959Z] >>> [apiv2][body] POST https://iam.googleapis.com/v1/projects/hallpass-f1995/serviceAccounts/hallpass-f1995@appspot.gserviceaccount.com:testIamPermissions {"permissions":["iam.serviceAccounts.actAs"]}
[debug] [2023-10-18T06:36:49.263Z] <<< [apiv2][status] POST https://iam.googleapis.com/v1/projects/hallpass-f1995/serviceAccounts/hallpass-f1995@appspot.gserviceaccount.com:testIamPermissions 200
[debug] [2023-10-18T06:36:49.263Z] <<< [apiv2][body] POST https://iam.googleapis.com/v1/projects/hallpass-f1995/serviceAccounts/hallpass-f1995@appspot.gserviceaccount.com:testIamPermissions {"permissions":["iam.serviceAccounts.actAs"]}
[debug] [2023-10-18T06:36:49.264Z] >>> [apiv2][query] GET https://firebase.googleapis.com/v1beta1/projects/hallpass-f1995 [none]
[debug] [2023-10-18T06:36:49.702Z] <<< [apiv2][status] GET https://firebase.googleapis.com/v1beta1/projects/hallpass-f1995 200
